<?xml version="1.0" encoding="UTF-8"?>
<!-- Generated by org.testng.reporters.JUnitReportReporter -->
<testsuite hostname="MacBook-Pro.local" failures="0" tests="7" name="com.example.tests.FiltersFormTest" time="285.400" errors="0" timestamp="2023-05-16T13:06:17 EDT" skipped="0">
  <testcase classname="com.example.tests.FiltersFormTest" name="testSelectingMaxNumberForRoomsAndBeds" time="38.592"/>
  <system-out/>
  <testcase classname="com.example.tests.FiltersFormTest" name="testPriceEnabledWhenDatesAreProvided" time="41.452"/>
  <system-out/>
  <testcase classname="com.example.tests.FiltersFormTest" name="testSelectingMinNumberForRoomsAndBeds" time="37.473"/>
  <system-out/>
  <testcase classname="com.example.tests.FiltersFormTest" name="testPriceCannotBeZero" time="39.056"/>
  <system-out/>
  <testcase classname="com.example.tests.FiltersFormTest" name="testClearAll" time="49.836"/>
  <system-out/>
  <testcase classname="com.example.tests.FiltersFormTest" name="testPriceDisabled" time="37.573"/>
  <system-out/>
  <testcase classname="com.example.tests.FiltersFormTest" name="testSelectAllAmenities" time="41.418"/>
  <system-out/>
</testsuite> <!-- com.example.tests.FiltersFormTest -->
