<?xml version="1.0" encoding="UTF-8"?>
<!-- Generated by org.testng.reporters.JUnitReportReporter -->
<testsuite hostname="MacBook-Pro.local" failures="0" tests="1" name="com.example.tests.AllListingsTest" time="36.684" errors="0" timestamp="2023-05-16T13:06:17 EDT" skipped="0">
  <testcase classname="com.example.tests.AllListingsTest" name="testTotalLoadedListEqualAllButton" time="36.684"/>
  <system-out/>
</testsuite> <!-- com.example.tests.AllListingsTest -->
